{"/home/leonardo/t8/recuperacao/projeto-drivenpass/src/app.ts": {"path":"/home/leonardo/t8/recuperacao/projeto-drivenpass/src/app.ts","statementMap":{"0":{"start":{"line":1,"column":0},"end":{"line":1,"column":41}},"1":{"start":{"line":2,"column":0},"end":{"line":2,"column":24}},"2":{"start":{"line":3,"column":0},"end":{"line":3,"column":59}},"3":{"start":{"line":5,"column":0},"end":{"line":5,"column":10}},"4":{"start":{"line":6,"column":0},"end":{"line":6,"column":82}},"5":{"start":{"line":8,"column":12},"end":{"line":8,"column":21}},"6":{"start":{"line":10,"column":0},"end":{"line":17,"column":null}},"7":{"start":{"line":13,"column":33},"end":{"line":13,"column":49}},"8":{"start":{"line":21,"column":4},"end":{"line":21,"column":16}},"9":{"start":{"line":22,"column":4},"end":{"line":22,"column":32}},"10":{"start":{"line":20,"column":0},"end":{"line":20,"column":16}},"11":{"start":{"line":26,"column":4},"end":{"line":26,"column":25}},"12":{"start":{"line":25,"column":0},"end":{"line":25,"column":7}},"13":{"start":{"line":29,"column":0},"end":{"line":29,"column":19}}},"fnMap":{"0":{"name":"(anonymous_1)","decl":{"start":{"line":13,"column":20},"end":{"line":13,"column":21}},"loc":{"start":{"line":13,"column":32},"end":{"line":13,"column":49}}},"1":{"name":"init","decl":{"start":{"line":20,"column":16},"end":{"line":20,"column":20}},"loc":{"start":{"line":20,"column":20},"end":{"line":23,"column":3}}},"2":{"name":"close","decl":{"start":{"line":25,"column":22},"end":{"line":25,"column":27}},"loc":{"start":{"line":25,"column":27},"end":{"line":27,"column":3}}}},"branchMap":{},"s":{"0":3,"1":3,"2":3,"3":3,"4":3,"5":3,"6":3,"7":0,"8":3,"9":3,"10":3,"11":2,"12":3,"13":3},"f":{"0":0,"1":3,"2":2},"b":{}}
,"/home/leonardo/t8/recuperacao/projeto-drivenpass/src/config/database.ts": {"path":"/home/leonardo/t8/recuperacao/projeto-drivenpass/src/config/database.ts","statementMap":{"0":{"start":{"line":1,"column":0},"end":{"line":1,"column":45}},"1":{"start":{"line":6,"column":2},"end":{"line":6,"column":30}},"2":{"start":{"line":5,"column":0},"end":{"line":5,"column":16}},"3":{"start":{"line":10,"column":2},"end":{"line":10,"column":30}},"4":{"start":{"line":9,"column":0},"end":{"line":9,"column":7}}},"fnMap":{"0":{"name":"connectDb","decl":{"start":{"line":5,"column":16},"end":{"line":5,"column":25}},"loc":{"start":{"line":5,"column":25},"end":{"line":7,"column":1}}},"1":{"name":"disconnectDB","decl":{"start":{"line":9,"column":22},"end":{"line":9,"column":34}},"loc":{"start":{"line":9,"column":34},"end":{"line":11,"column":1}}}},"branchMap":{},"s":{"0":3,"1":3,"2":3,"3":2,"4":3},"f":{"0":3,"1":2},"b":{}}
,"/home/leonardo/t8/recuperacao/projeto-drivenpass/src/config/envs.ts": {"path":"/home/leonardo/t8/recuperacao/projeto-drivenpass/src/config/envs.ts","statementMap":{"0":{"start":{"line":12,"column":0},"end":{"line":12,"column":28}},"1":{"start":{"line":13,"column":0},"end":{"line":13,"column":41}},"2":{"start":{"line":17,"column":4},"end":{"line":21,"column":16}},"3":{"start":{"line":23,"column":22},"end":{"line":23,"column":51}},"4":{"start":{"line":24,"column":2},"end":{"line":24,"column":35}},"5":{"start":{"line":15,"column":0},"end":{"line":15,"column":16}}},"fnMap":{"0":{"name":"loadEnv","decl":{"start":{"line":15,"column":16},"end":{"line":15,"column":23}},"loc":{"start":{"line":15,"column":23},"end":{"line":25,"column":1}}}},"branchMap":{"0":{"loc":{"start":{"line":17,"column":4},"end":{"line":21,"column":16}},"type":"cond-expr","locations":[{"start":{"line":18,"column":8},"end":{"line":18,"column":19}},{"start":{"line":19,"column":8},"end":{"line":21,"column":16}}]},"1":{"loc":{"start":{"line":19,"column":8},"end":{"line":21,"column":16}},"type":"cond-expr","locations":[{"start":{"line":20,"column":10},"end":{"line":20,"column":28}},{"start":{"line":21,"column":10},"end":{"line":21,"column":16}}]}},"s":{"0":3,"1":3,"2":6,"3":6,"4":6,"5":3},"f":{"0":6},"b":{"0":[6,0],"1":[0,0]}}
,"/home/leonardo/t8/recuperacao/projeto-drivenpass/src/config/index.ts": {"path":"/home/leonardo/t8/recuperacao/projeto-drivenpass/src/config/index.ts","statementMap":{"0":{"start":{"line":1,"column":0},"end":{"line":1,"column":33}},"1":{"start":{"line":2,"column":0},"end":{"line":2,"column":29}}},"fnMap":{},"branchMap":{},"s":{"0":3,"1":3},"f":{},"b":{}}
,"/home/leonardo/t8/recuperacao/projeto-drivenpass/src/controllers/auth-controller.ts": {"path":"/home/leonardo/t8/recuperacao/projeto-drivenpass/src/controllers/auth-controller.ts","statementMap":{"0":{"start":{"line":1,"column":0},"end":{"line":1,"column":83}},"1":{"start":{"line":3,"column":0},"end":{"line":3,"column":37}},"2":{"start":{"line":5,"column":30},"end":{"line":5,"column":54}},"3":{"start":{"line":7,"column":2},"end":{"line":13,"column":null}},"4":{"start":{"line":8,"column":19},"end":{"line":8,"column":74}},"5":{"start":{"line":10,"column":4},"end":{"line":10,"column":50}},"6":{"start":{"line":12,"column":4},"end":{"line":12,"column":59}},"7":{"start":{"line":4,"column":0},"end":{"line":4,"column":7}}},"fnMap":{"0":{"name":"singInPost","decl":{"start":{"line":4,"column":22},"end":{"line":4,"column":32}},"loc":{"start":{"line":4,"column":60},"end":{"line":14,"column":1}}}},"branchMap":{},"s":{"0":3,"1":3,"2":4,"3":4,"4":4,"5":2,"6":2,"7":3},"f":{"0":4},"b":{}}
,"/home/leonardo/t8/recuperacao/projeto-drivenpass/src/controllers/credential-controller.ts": {"path":"/home/leonardo/t8/recuperacao/projeto-drivenpass/src/controllers/credential-controller.ts","statementMap":{"0":{"start":{"line":1,"column":0},"end":{"line":1,"column":37}},"1":{"start":{"line":4,"column":0},"end":{"line":4,"column":61}},"2":{"start":{"line":8,"column":21},"end":{"line":8,"column":24}},"3":{"start":{"line":9,"column":45},"end":{"line":9,"column":53}},"4":{"start":{"line":11,"column":4},"end":{"line":23,"column":null}},"5":{"start":{"line":12,"column":30},"end":{"line":17,"column":18}},"6":{"start":{"line":19,"column":8},"end":{"line":19,"column":null}},"7":{"start":{"line":22,"column":8},"end":{"line":22,"column":null}},"8":{"start":{"line":7,"column":0},"end":{"line":7,"column":7}},"9":{"start":{"line":27,"column":21},"end":{"line":27,"column":24}},"10":{"start":{"line":29,"column":4},"end":{"line":35,"column":null}},"11":{"start":{"line":30,"column":28},"end":{"line":30,"column":74}},"12":{"start":{"line":32,"column":8},"end":{"line":32,"column":null}},"13":{"start":{"line":34,"column":8},"end":{"line":34,"column":null}},"14":{"start":{"line":26,"column":0},"end":{"line":26,"column":7}},"15":{"start":{"line":39,"column":20},"end":{"line":39,"column":23}},"16":{"start":{"line":40,"column":27},"end":{"line":40,"column":37}},"17":{"start":{"line":42,"column":29},"end":{"line":42,"column":49}},"18":{"start":{"line":43,"column":4},"end":{"line":45,"column":null}},"19":{"start":{"line":44,"column":8},"end":{"line":44,"column":null}},"20":{"start":{"line":47,"column":4},"end":{"line":61,"column":null}},"21":{"start":{"line":48,"column":27},"end":{"line":48,"column":107}},"22":{"start":{"line":50,"column":8},"end":{"line":50,"column":null}},"23":{"start":{"line":53,"column":8},"end":{"line":55,"column":10}},"24":{"start":{"line":54,"column":12},"end":{"line":54,"column":null}},"25":{"start":{"line":57,"column":8},"end":{"line":59,"column":null}},"26":{"start":{"line":58,"column":12},"end":{"line":58,"column":null}},"27":{"start":{"line":38,"column":0},"end":{"line":38,"column":7}},"28":{"start":{"line":65,"column":20},"end":{"line":65,"column":23}},"29":{"start":{"line":66,"column":27},"end":{"line":66,"column":37}},"30":{"start":{"line":68,"column":29},"end":{"line":68,"column":49}},"31":{"start":{"line":69,"column":4},"end":{"line":71,"column":null}},"32":{"start":{"line":70,"column":8},"end":{"line":70,"column":null}},"33":{"start":{"line":73,"column":4},"end":{"line":87,"column":null}},"34":{"start":{"line":74,"column":34},"end":{"line":74,"column":117}},"35":{"start":{"line":76,"column":8},"end":{"line":76,"column":null}},"36":{"start":{"line":79,"column":8},"end":{"line":81,"column":10}},"37":{"start":{"line":80,"column":12},"end":{"line":80,"column":null}},"38":{"start":{"line":83,"column":8},"end":{"line":85,"column":10}},"39":{"start":{"line":84,"column":12},"end":{"line":84,"column":null}},"40":{"start":{"line":64,"column":0},"end":{"line":64,"column":7}}},"fnMap":{"0":{"name":"postCredential","decl":{"start":{"line":7,"column":22},"end":{"line":7,"column":36}},"loc":{"start":{"line":7,"column":75},"end":{"line":24,"column":1}}},"1":{"name":"getAllCredentials","decl":{"start":{"line":26,"column":22},"end":{"line":26,"column":39}},"loc":{"start":{"line":26,"column":79},"end":{"line":36,"column":1}}},"2":{"name":"getOneCredential","decl":{"start":{"line":38,"column":22},"end":{"line":38,"column":38}},"loc":{"start":{"line":38,"column":78},"end":{"line":62,"column":1}}},"3":{"name":"deleteOneCredential","decl":{"start":{"line":64,"column":22},"end":{"line":64,"column":41}},"loc":{"start":{"line":64,"column":81},"end":{"line":88,"column":1}}}},"branchMap":{"0":{"loc":{"start":{"line":43,"column":4},"end":{"line":45,"column":null}},"type":"if","locations":[{"start":{"line":43,"column":4},"end":{"line":45,"column":null}}]},"1":{"loc":{"start":{"line":53,"column":8},"end":{"line":55,"column":10}},"type":"if","locations":[{"start":{"line":53,"column":8},"end":{"line":55,"column":10}}]},"2":{"loc":{"start":{"line":57,"column":8},"end":{"line":59,"column":null}},"type":"if","locations":[{"start":{"line":57,"column":8},"end":{"line":59,"column":null}}]},"3":{"loc":{"start":{"line":69,"column":4},"end":{"line":71,"column":null}},"type":"if","locations":[{"start":{"line":69,"column":4},"end":{"line":71,"column":null}}]},"4":{"loc":{"start":{"line":79,"column":8},"end":{"line":81,"column":10}},"type":"if","locations":[{"start":{"line":79,"column":8},"end":{"line":81,"column":10}}]},"5":{"loc":{"start":{"line":83,"column":8},"end":{"line":85,"column":10}},"type":"if","locations":[{"start":{"line":83,"column":8},"end":{"line":85,"column":10}}]}},"s":{"0":3,"1":3,"2":2,"3":2,"4":2,"5":2,"6":1,"7":1,"8":3,"9":3,"10":3,"11":3,"12":2,"13":1,"14":3,"15":5,"16":5,"17":5,"18":5,"19":1,"20":4,"21":4,"22":2,"23":2,"24":1,"25":1,"26":1,"27":3,"28":4,"29":4,"30":4,"31":4,"32":1,"33":3,"34":3,"35":1,"36":2,"37":1,"38":1,"39":1,"40":3},"f":{"0":2,"1":3,"2":5,"3":4},"b":{"0":[1],"1":[1],"2":[1],"3":[1],"4":[1],"5":[1]}}
,"/home/leonardo/t8/recuperacao/projeto-drivenpass/src/controllers/index.ts": {"path":"/home/leonardo/t8/recuperacao/projeto-drivenpass/src/controllers/index.ts","statementMap":{"0":{"start":{"line":1,"column":0},"end":{"line":1,"column":34}},"1":{"start":{"line":2,"column":0},"end":{"line":2,"column":34}},"2":{"start":{"line":3,"column":0},"end":{"line":3,"column":36}}},"fnMap":{},"branchMap":{},"s":{"0":3,"1":3,"2":3},"f":{},"b":{}}
,"/home/leonardo/t8/recuperacao/projeto-drivenpass/src/controllers/network-controller.ts": {"path":"/home/leonardo/t8/recuperacao/projeto-drivenpass/src/controllers/network-controller.ts","statementMap":{"0":{"start":{"line":1,"column":0},"end":{"line":1,"column":37}},"1":{"start":{"line":4,"column":0},"end":{"line":4,"column":55}},"2":{"start":{"line":8,"column":20},"end":{"line":8,"column":23}},"3":{"start":{"line":9,"column":39},"end":{"line":9,"column":47}},"4":{"start":{"line":11,"column":4},"end":{"line":21,"column":null}},"5":{"start":{"line":12,"column":27},"end":{"line":16,"column":18}},"6":{"start":{"line":18,"column":8},"end":{"line":18,"column":71}},"7":{"start":{"line":20,"column":8},"end":{"line":20,"column":null}},"8":{"start":{"line":6,"column":0},"end":{"line":6,"column":7}},"9":{"start":{"line":27,"column":20},"end":{"line":27,"column":23}},"10":{"start":{"line":29,"column":4},"end":{"line":34,"column":null}},"11":{"start":{"line":30,"column":25},"end":{"line":30,"column":66}},"12":{"start":{"line":31,"column":8},"end":{"line":31,"column":null}},"13":{"start":{"line":33,"column":8},"end":{"line":33,"column":null}},"14":{"start":{"line":25,"column":0},"end":{"line":25,"column":7}},"15":{"start":{"line":38,"column":20},"end":{"line":38,"column":23}},"16":{"start":{"line":39,"column":24},"end":{"line":39,"column":34}},"17":{"start":{"line":41,"column":26},"end":{"line":41,"column":43}},"18":{"start":{"line":42,"column":4},"end":{"line":44,"column":6}},"19":{"start":{"line":43,"column":8},"end":{"line":43,"column":null}},"20":{"start":{"line":46,"column":4},"end":{"line":62,"column":null}},"21":{"start":{"line":47,"column":24},"end":{"line":47,"column":92}},"22":{"start":{"line":49,"column":8},"end":{"line":49,"column":null}},"23":{"start":{"line":52,"column":8},"end":{"line":54,"column":10}},"24":{"start":{"line":53,"column":12},"end":{"line":53,"column":null}},"25":{"start":{"line":56,"column":8},"end":{"line":58,"column":null}},"26":{"start":{"line":57,"column":12},"end":{"line":57,"column":null}},"27":{"start":{"line":60,"column":8},"end":{"line":60,"column":null}},"28":{"start":{"line":37,"column":0},"end":{"line":37,"column":7}},"29":{"start":{"line":68,"column":20},"end":{"line":68,"column":23}},"30":{"start":{"line":69,"column":24},"end":{"line":69,"column":34}},"31":{"start":{"line":71,"column":26},"end":{"line":71,"column":43}},"32":{"start":{"line":72,"column":4},"end":{"line":74,"column":6}},"33":{"start":{"line":73,"column":8},"end":{"line":73,"column":null}},"34":{"start":{"line":76,"column":4},"end":{"line":92,"column":null}},"35":{"start":{"line":77,"column":24},"end":{"line":77,"column":94}},"36":{"start":{"line":79,"column":8},"end":{"line":79,"column":null}},"37":{"start":{"line":82,"column":8},"end":{"line":84,"column":10}},"38":{"start":{"line":83,"column":12},"end":{"line":83,"column":null}},"39":{"start":{"line":86,"column":8},"end":{"line":88,"column":null}},"40":{"start":{"line":87,"column":12},"end":{"line":87,"column":null}},"41":{"start":{"line":90,"column":8},"end":{"line":90,"column":null}},"42":{"start":{"line":66,"column":0},"end":{"line":66,"column":7}}},"fnMap":{"0":{"name":"postNetwork","decl":{"start":{"line":6,"column":22},"end":{"line":6,"column":33}},"loc":{"start":{"line":6,"column":72},"end":{"line":23,"column":1}}},"1":{"name":"getAllNetworks","decl":{"start":{"line":25,"column":22},"end":{"line":25,"column":36}},"loc":{"start":{"line":25,"column":77},"end":{"line":35,"column":1}}},"2":{"name":"getOneNetwork","decl":{"start":{"line":37,"column":22},"end":{"line":37,"column":35}},"loc":{"start":{"line":37,"column":76},"end":{"line":64,"column":1}}},"3":{"name":"deleteOneNetwork","decl":{"start":{"line":66,"column":22},"end":{"line":66,"column":38}},"loc":{"start":{"line":66,"column":77},"end":{"line":93,"column":1}}}},"branchMap":{"0":{"loc":{"start":{"line":42,"column":4},"end":{"line":44,"column":6}},"type":"if","locations":[{"start":{"line":42,"column":4},"end":{"line":44,"column":6}}]},"1":{"loc":{"start":{"line":52,"column":8},"end":{"line":54,"column":10}},"type":"if","locations":[{"start":{"line":52,"column":8},"end":{"line":54,"column":10}}]},"2":{"loc":{"start":{"line":56,"column":8},"end":{"line":58,"column":null}},"type":"if","locations":[{"start":{"line":56,"column":8},"end":{"line":58,"column":null}}]},"3":{"loc":{"start":{"line":72,"column":4},"end":{"line":74,"column":6}},"type":"if","locations":[{"start":{"line":72,"column":4},"end":{"line":74,"column":6}}]},"4":{"loc":{"start":{"line":82,"column":8},"end":{"line":84,"column":10}},"type":"if","locations":[{"start":{"line":82,"column":8},"end":{"line":84,"column":10}}]},"5":{"loc":{"start":{"line":86,"column":8},"end":{"line":88,"column":null}},"type":"if","locations":[{"start":{"line":86,"column":8},"end":{"line":88,"column":null}}]}},"s":{"0":3,"1":3,"2":1,"3":1,"4":1,"5":1,"6":1,"7":0,"8":3,"9":3,"10":3,"11":3,"12":2,"13":1,"14":3,"15":5,"16":5,"17":5,"18":5,"19":1,"20":4,"21":4,"22":2,"23":2,"24":1,"25":1,"26":1,"27":0,"28":3,"29":4,"30":4,"31":4,"32":4,"33":1,"34":3,"35":3,"36":1,"37":2,"38":1,"39":1,"40":1,"41":0,"42":3},"f":{"0":1,"1":3,"2":5,"3":4},"b":{"0":[1],"1":[1],"2":[1],"3":[1],"4":[1],"5":[1]}}
,"/home/leonardo/t8/recuperacao/projeto-drivenpass/src/controllers/user-controller.ts": {"path":"/home/leonardo/t8/recuperacao/projeto-drivenpass/src/controllers/user-controller.ts","statementMap":{"0":{"start":{"line":1,"column":0},"end":{"line":1,"column":48}},"1":{"start":{"line":3,"column":0},"end":{"line":3,"column":37}},"2":{"start":{"line":7,"column":29},"end":{"line":7,"column":37}},"3":{"start":{"line":9,"column":4},"end":{"line":18,"column":null}},"4":{"start":{"line":10,"column":21},"end":{"line":10,"column":69}},"5":{"start":{"line":12,"column":8},"end":{"line":15,"column":null}},"6":{"start":{"line":17,"column":8},"end":{"line":17,"column":59}},"7":{"start":{"line":5,"column":0},"end":{"line":5,"column":7}}},"fnMap":{"0":{"name":"postUser","decl":{"start":{"line":5,"column":22},"end":{"line":5,"column":30}},"loc":{"start":{"line":5,"column":56},"end":{"line":20,"column":1}}}},"branchMap":{},"s":{"0":3,"1":3,"2":3,"3":3,"4":3,"5":2,"6":1,"7":3},"f":{"0":3},"b":{}}
,"/home/leonardo/t8/recuperacao/projeto-drivenpass/src/errors/duplicate-title-error.ts": {"path":"/home/leonardo/t8/recuperacao/projeto-drivenpass/src/errors/duplicate-title-error.ts","statementMap":{"0":{"start":{"line":4,"column":2},"end":{"line":7,"column":4}},"1":{"start":{"line":3,"column":0},"end":{"line":3,"column":16}}},"fnMap":{"0":{"name":"duplicatedTitleError","decl":{"start":{"line":3,"column":16},"end":{"line":3,"column":36}},"loc":{"start":{"line":3,"column":36},"end":{"line":8,"column":1}}}},"branchMap":{},"s":{"0":1,"1":3},"f":{"0":1},"b":{}}
,"/home/leonardo/t8/recuperacao/projeto-drivenpass/src/errors/forbbiden-credential-error.ts": {"path":"/home/leonardo/t8/recuperacao/projeto-drivenpass/src/errors/forbbiden-credential-error.ts","statementMap":{"0":{"start":{"line":4,"column":2},"end":{"line":7,"column":4}},"1":{"start":{"line":3,"column":0},"end":{"line":3,"column":16}}},"fnMap":{"0":{"name":"unauthorizedCredentialError","decl":{"start":{"line":3,"column":16},"end":{"line":3,"column":43}},"loc":{"start":{"line":3,"column":43},"end":{"line":8,"column":1}}}},"branchMap":{},"s":{"0":2,"1":3},"f":{"0":2},"b":{}}
,"/home/leonardo/t8/recuperacao/projeto-drivenpass/src/errors/forbbiden-network-error.ts": {"path":"/home/leonardo/t8/recuperacao/projeto-drivenpass/src/errors/forbbiden-network-error.ts","statementMap":{"0":{"start":{"line":4,"column":2},"end":{"line":7,"column":4}},"1":{"start":{"line":3,"column":0},"end":{"line":3,"column":16}}},"fnMap":{"0":{"name":"unauthorizedNetworkError","decl":{"start":{"line":3,"column":16},"end":{"line":3,"column":40}},"loc":{"start":{"line":3,"column":40},"end":{"line":8,"column":1}}}},"branchMap":{},"s":{"0":2,"1":3},"f":{"0":2},"b":{}}
,"/home/leonardo/t8/recuperacao/projeto-drivenpass/src/errors/invalid-data-error.ts": {"path":"/home/leonardo/t8/recuperacao/projeto-drivenpass/src/errors/invalid-data-error.ts","statementMap":{"0":{"start":{"line":4,"column":2},"end":{"line":8,"column":4}},"1":{"start":{"line":3,"column":0},"end":{"line":3,"column":16}}},"fnMap":{"0":{"name":"invalidDataError","decl":{"start":{"line":3,"column":16},"end":{"line":3,"column":32}},"loc":{"start":{"line":3,"column":50},"end":{"line":9,"column":1}}}},"branchMap":{},"s":{"0":9,"1":3},"f":{"0":9},"b":{}}
,"/home/leonardo/t8/recuperacao/projeto-drivenpass/src/errors/invalid-email-error.ts": {"path":"/home/leonardo/t8/recuperacao/projeto-drivenpass/src/errors/invalid-email-error.ts","statementMap":{"0":{"start":{"line":4,"column":2},"end":{"line":7,"column":4}},"1":{"start":{"line":3,"column":0},"end":{"line":3,"column":16}}},"fnMap":{"0":{"name":"duplicatedEmailError","decl":{"start":{"line":3,"column":16},"end":{"line":3,"column":36}},"loc":{"start":{"line":3,"column":36},"end":{"line":8,"column":1}}}},"branchMap":{},"s":{"0":1,"1":3},"f":{"0":1},"b":{}}
,"/home/leonardo/t8/recuperacao/projeto-drivenpass/src/errors/not-Found-error.ts": {"path":"/home/leonardo/t8/recuperacao/projeto-drivenpass/src/errors/not-Found-error.ts","statementMap":{"0":{"start":{"line":4,"column":2},"end":{"line":7,"column":4}},"1":{"start":{"line":3,"column":0},"end":{"line":3,"column":16}}},"fnMap":{"0":{"name":"notFoundError","decl":{"start":{"line":3,"column":16},"end":{"line":3,"column":29}},"loc":{"start":{"line":3,"column":29},"end":{"line":8,"column":1}}}},"branchMap":{},"s":{"0":6,"1":3},"f":{"0":6},"b":{}}
,"/home/leonardo/t8/recuperacao/projeto-drivenpass/src/errors/unauthorized-error.ts": {"path":"/home/leonardo/t8/recuperacao/projeto-drivenpass/src/errors/unauthorized-error.ts","statementMap":{"0":{"start":{"line":4,"column":2},"end":{"line":7,"column":4}},"1":{"start":{"line":3,"column":0},"end":{"line":3,"column":16}}},"fnMap":{"0":{"name":"unauthorizedError","decl":{"start":{"line":3,"column":16},"end":{"line":3,"column":33}},"loc":{"start":{"line":3,"column":33},"end":{"line":8,"column":1}}}},"branchMap":{},"s":{"0":16,"1":3},"f":{"0":16},"b":{}}
,"/home/leonardo/t8/recuperacao/projeto-drivenpass/src/middlewares/authethication-middleware.ts": {"path":"/home/leonardo/t8/recuperacao/projeto-drivenpass/src/middlewares/authethication-middleware.ts","statementMap":{"0":{"start":{"line":2,"column":0},"end":{"line":2,"column":37}},"1":{"start":{"line":3,"column":0},"end":{"line":3,"column":36}},"2":{"start":{"line":4,"column":0},"end":{"line":4,"column":64}},"3":{"start":{"line":7,"column":23},"end":{"line":7,"column":50}},"4":{"start":{"line":8,"column":4},"end":{"line":8,"column":54}},"5":{"start":{"line":8,"column":21},"end":{"line":8,"column":54}},"6":{"start":{"line":10,"column":18},"end":{"line":10,"column":42}},"7":{"start":{"line":11,"column":4},"end":{"line":11,"column":49}},"8":{"start":{"line":11,"column":16},"end":{"line":11,"column":49}},"9":{"start":{"line":13,"column":4},"end":{"line":20,"column":null}},"10":{"start":{"line":14,"column":27},"end":{"line":14,"column":82}},"11":{"start":{"line":16,"column":8},"end":{"line":16,"column":28}},"12":{"start":{"line":17,"column":8},"end":{"line":17,"column":22}},"13":{"start":{"line":19,"column":8},"end":{"line":19,"column":41}},"14":{"start":{"line":6,"column":0},"end":{"line":6,"column":7}},"15":{"start":{"line":25,"column":4},"end":{"line":25,"column":66}}},"fnMap":{"0":{"name":"authenticateToken","decl":{"start":{"line":6,"column":22},"end":{"line":6,"column":39}},"loc":{"start":{"line":6,"column":100},"end":{"line":22,"column":1}}},"1":{"name":"unauthorizedResponse","decl":{"start":{"line":24,"column":9},"end":{"line":24,"column":29}},"loc":{"start":{"line":24,"column":43},"end":{"line":26,"column":3}}}},"branchMap":{"0":{"loc":{"start":{"line":8,"column":4},"end":{"line":8,"column":54}},"type":"if","locations":[{"start":{"line":8,"column":4},"end":{"line":8,"column":54}}]},"1":{"loc":{"start":{"line":11,"column":4},"end":{"line":11,"column":49}},"type":"if","locations":[{"start":{"line":11,"column":4},"end":{"line":11,"column":49}}]}},"s":{"0":3,"1":3,"2":3,"3":47,"4":47,"5":8,"6":39,"7":39,"8":0,"9":39,"10":39,"11":31,"12":31,"13":8,"14":3,"15":16},"f":{"0":47,"1":16},"b":{"0":[8],"1":[0]}}
,"/home/leonardo/t8/recuperacao/projeto-drivenpass/src/middlewares/index.ts": {"path":"/home/leonardo/t8/recuperacao/projeto-drivenpass/src/middlewares/index.ts","statementMap":{"0":{"start":{"line":1,"column":0},"end":{"line":1,"column":51}},"1":{"start":{"line":2,"column":0},"end":{"line":2,"column":43}}},"fnMap":{},"branchMap":{},"s":{"0":3,"1":3},"f":{},"b":{}}
,"/home/leonardo/t8/recuperacao/projeto-drivenpass/src/middlewares/validation-middleware.ts": {"path":"/home/leonardo/t8/recuperacao/projeto-drivenpass/src/middlewares/validation-middleware.ts","statementMap":{"0":{"start":{"line":1,"column":0},"end":{"line":1,"column":63}},"1":{"start":{"line":3,"column":0},"end":{"line":3,"column":37}},"2":{"start":{"line":7,"column":2},"end":{"line":7,"column":34}},"3":{"start":{"line":6,"column":0},"end":{"line":6,"column":16}},"4":{"start":{"line":11,"column":2},"end":{"line":11,"column":36}},"5":{"start":{"line":10,"column":0},"end":{"line":10,"column":16}},"6":{"start":{"line":15,"column":2},"end":{"line":25,"column":4}},"7":{"start":{"line":16,"column":22},"end":{"line":18,"column":6}},"8":{"start":{"line":20,"column":4},"end":{"line":24,"column":null}},"9":{"start":{"line":21,"column":6},"end":{"line":21,"column":13}},"10":{"start":{"line":23,"column":6},"end":{"line":23,"column":101}},"11":{"start":{"line":23,"column":88},"end":{"line":23,"column":97}}},"fnMap":{"0":{"name":"validateBody","decl":{"start":{"line":6,"column":16},"end":{"line":6,"column":28}},"loc":{"start":{"line":6,"column":55},"end":{"line":8,"column":1}}},"1":{"name":"validateParams","decl":{"start":{"line":10,"column":16},"end":{"line":10,"column":30}},"loc":{"start":{"line":10,"column":57},"end":{"line":12,"column":1}}},"2":{"name":"validate","decl":{"start":{"line":14,"column":9},"end":{"line":14,"column":17}},"loc":{"start":{"line":14,"column":63},"end":{"line":26,"column":1}}},"3":{"name":"(anonymous_4)","decl":{"start":{"line":15,"column":9},"end":{"line":15,"column":10}},"loc":{"start":{"line":15,"column":61},"end":{"line":25,"column":3}}},"4":{"name":"(anonymous_5)","decl":{"start":{"line":23,"column":81},"end":{"line":23,"column":82}},"loc":{"start":{"line":23,"column":88},"end":{"line":23,"column":97}}}},"branchMap":{"0":{"loc":{"start":{"line":20,"column":4},"end":{"line":24,"column":null}},"type":"if","locations":[{"start":{"line":20,"column":4},"end":{"line":24,"column":null}},{"start":{"line":22,"column":11},"end":{"line":24,"column":null}}]}},"s":{"0":3,"1":3,"2":12,"3":3,"4":0,"5":3,"6":12,"7":19,"8":19,"9":10,"10":9,"11":18},"f":{"0":12,"1":0,"2":12,"3":19,"4":18},"b":{"0":[10,9]}}
,"/home/leonardo/t8/recuperacao/projeto-drivenpass/src/repositories/credential-repository/index.ts": {"path":"/home/leonardo/t8/recuperacao/projeto-drivenpass/src/repositories/credential-repository/index.ts","statementMap":{"0":{"start":{"line":1,"column":0},"end":{"line":1,"column":34}},"1":{"start":{"line":5,"column":27},"end":{"line":10,"column":3}},"2":{"start":{"line":11,"column":1},"end":{"line":11,"column":26}},"3":{"start":{"line":16,"column":19},"end":{"line":21,"column":6}},"4":{"start":{"line":22,"column":4},"end":{"line":22,"column":null}},"5":{"start":{"line":26,"column":24},"end":{"line":30,"column":6}},"6":{"start":{"line":31,"column":4},"end":{"line":31,"column":null}},"7":{"start":{"line":35,"column":23},"end":{"line":39,"column":6}},"8":{"start":{"line":40,"column":4},"end":{"line":40,"column":null}},"9":{"start":{"line":44,"column":30},"end":{"line":48,"column":6}},"10":{"start":{"line":49,"column":4},"end":{"line":49,"column":29}},"11":{"start":{"line":60,"column":29},"end":{"line":66,"column":2}},"12":{"start":{"line":68,"column":0},"end":{"line":68,"column":36}}},"fnMap":{"0":{"name":"createACredential","decl":{"start":{"line":4,"column":15},"end":{"line":4,"column":32}},"loc":{"start":{"line":4,"column":74},"end":{"line":12,"column":1}}},"1":{"name":"findCredentialWithUserIdAndName","decl":{"start":{"line":14,"column":15},"end":{"line":14,"column":46}},"loc":{"start":{"line":14,"column":70},"end":{"line":23,"column":1}}},"2":{"name":"findCredentials","decl":{"start":{"line":25,"column":15},"end":{"line":25,"column":30}},"loc":{"start":{"line":25,"column":44},"end":{"line":32,"column":1}}},"3":{"name":"findOneCredential","decl":{"start":{"line":34,"column":15},"end":{"line":34,"column":32}},"loc":{"start":{"line":34,"column":52},"end":{"line":41,"column":1}}},"4":{"name":"deleteCredential","decl":{"start":{"line":43,"column":15},"end":{"line":43,"column":31}},"loc":{"start":{"line":43,"column":51},"end":{"line":50,"column":1}}}},"branchMap":{},"s":{"0":3,"1":1,"2":1,"3":2,"4":2,"5":3,"6":3,"7":7,"8":7,"9":1,"10":1,"11":3,"12":3},"f":{"0":1,"1":2,"2":3,"3":7,"4":1},"b":{}}
,"/home/leonardo/t8/recuperacao/projeto-drivenpass/src/repositories/network-repository/index.ts": {"path":"/home/leonardo/t8/recuperacao/projeto-drivenpass/src/repositories/network-repository/index.ts","statementMap":{"0":{"start":{"line":1,"column":0},"end":{"line":1,"column":34}},"1":{"start":{"line":5,"column":20},"end":{"line":10,"column":6}},"2":{"start":{"line":14,"column":21},"end":{"line":18,"column":6}},"3":{"start":{"line":19,"column":4},"end":{"line":19,"column":null}},"4":{"start":{"line":23,"column":20},"end":{"line":27,"column":6}},"5":{"start":{"line":28,"column":4},"end":{"line":28,"column":null}},"6":{"start":{"line":32,"column":20},"end":{"line":36,"column":6}},"7":{"start":{"line":38,"column":4},"end":{"line":38,"column":19}},"8":{"start":{"line":43,"column":26},"end":{"line":48,"column":2}},"9":{"start":{"line":50,"column":0},"end":{"line":50,"column":null}}},"fnMap":{"0":{"name":"createANetwork","decl":{"start":{"line":4,"column":15},"end":{"line":4,"column":29}},"loc":{"start":{"line":4,"column":71},"end":{"line":11,"column":1}}},"1":{"name":"findAllNetworks","decl":{"start":{"line":13,"column":15},"end":{"line":13,"column":30}},"loc":{"start":{"line":13,"column":44},"end":{"line":20,"column":1}}},"2":{"name":"findOneNetwork","decl":{"start":{"line":22,"column":15},"end":{"line":22,"column":29}},"loc":{"start":{"line":22,"column":46},"end":{"line":29,"column":1}}},"3":{"name":"deleteOneNetwork","decl":{"start":{"line":31,"column":15},"end":{"line":31,"column":31}},"loc":{"start":{"line":31,"column":48},"end":{"line":39,"column":1}}}},"branchMap":{},"s":{"0":3,"1":1,"2":3,"3":3,"4":7,"5":7,"6":1,"7":1,"8":3,"9":3},"f":{"0":1,"1":3,"2":7,"3":1},"b":{}}
,"/home/leonardo/t8/recuperacao/projeto-drivenpass/src/repositories/user-repository/index.ts": {"path":"/home/leonardo/t8/recuperacao/projeto-drivenpass/src/repositories/user-repository/index.ts","statementMap":{"0":{"start":{"line":1,"column":0},"end":{"line":1,"column":34}},"1":{"start":{"line":6,"column":4},"end":{"line":11,"column":null}},"2":{"start":{"line":15,"column":4},"end":{"line":19,"column":null}},"3":{"start":{"line":22,"column":23},"end":{"line":25,"column":2}},"4":{"start":{"line":27,"column":0},"end":{"line":27,"column":null}}},"fnMap":{"0":{"name":"createUser","decl":{"start":{"line":4,"column":15},"end":{"line":4,"column":25}},"loc":{"start":{"line":4,"column":63},"end":{"line":12,"column":1}}},"1":{"name":"findEmail","decl":{"start":{"line":14,"column":15},"end":{"line":14,"column":24}},"loc":{"start":{"line":14,"column":37},"end":{"line":20,"column":1}}}},"branchMap":{},"s":{"0":3,"1":2,"2":7,"3":3,"4":3},"f":{"0":2,"1":7},"b":{}}
,"/home/leonardo/t8/recuperacao/projeto-drivenpass/src/routes/auth-router.ts": {"path":"/home/leonardo/t8/recuperacao/projeto-drivenpass/src/routes/auth-router.ts","statementMap":{"0":{"start":{"line":1,"column":0},"end":{"line":1,"column":43}},"1":{"start":{"line":2,"column":0},"end":{"line":2,"column":45}},"2":{"start":{"line":3,"column":0},"end":{"line":3,"column":41}},"3":{"start":{"line":4,"column":0},"end":{"line":4,"column":33}},"4":{"start":{"line":6,"column":19},"end":{"line":6,"column":27}},"5":{"start":{"line":10,"column":9},"end":{"line":10,"column":19}},"6":{"start":{"line":8,"column":0},"end":{"line":8,"column":67}}},"fnMap":{},"branchMap":{},"s":{"0":3,"1":3,"2":3,"3":3,"4":3,"5":3,"6":3},"f":{},"b":{}}
,"/home/leonardo/t8/recuperacao/projeto-drivenpass/src/routes/credential-router.ts": {"path":"/home/leonardo/t8/recuperacao/projeto-drivenpass/src/routes/credential-router.ts","statementMap":{"0":{"start":{"line":1,"column":0},"end":{"line":1,"column":33}},"1":{"start":{"line":2,"column":0},"end":{"line":2,"column":45}},"2":{"start":{"line":3,"column":0},"end":{"line":3,"column":45}},"3":{"start":{"line":4,"column":0},"end":{"line":4,"column":126}},"4":{"start":{"line":5,"column":0},"end":{"line":5,"column":50}},"5":{"start":{"line":7,"column":25},"end":{"line":7,"column":33}},"6":{"start":{"line":17,"column":8},"end":{"line":17,"column":24}},"7":{"start":{"line":9,"column":0},"end":{"line":14,"column":null}}},"fnMap":{},"branchMap":{},"s":{"0":3,"1":3,"2":3,"3":3,"4":3,"5":3,"6":3,"7":3},"f":{},"b":{}}
,"/home/leonardo/t8/recuperacao/projeto-drivenpass/src/routes/index.ts": {"path":"/home/leonardo/t8/recuperacao/projeto-drivenpass/src/routes/index.ts","statementMap":{"0":{"start":{"line":1,"column":0},"end":{"line":1,"column":36}},"1":{"start":{"line":2,"column":0},"end":{"line":2,"column":36}},"2":{"start":{"line":3,"column":0},"end":{"line":3,"column":42}},"3":{"start":{"line":4,"column":0},"end":{"line":4,"column":39}}},"fnMap":{},"branchMap":{},"s":{"0":3,"1":3,"2":3,"3":3},"f":{},"b":{}}
,"/home/leonardo/t8/recuperacao/projeto-drivenpass/src/routes/network-router.ts": {"path":"/home/leonardo/t8/recuperacao/projeto-drivenpass/src/routes/network-router.ts","statementMap":{"0":{"start":{"line":1,"column":0},"end":{"line":1,"column":33}},"1":{"start":{"line":2,"column":0},"end":{"line":2,"column":50}},"2":{"start":{"line":3,"column":0},"end":{"line":3,"column":45}},"3":{"start":{"line":4,"column":0},"end":{"line":4,"column":92}},"4":{"start":{"line":5,"column":0},"end":{"line":5,"column":42}},"5":{"start":{"line":7,"column":22},"end":{"line":7,"column":30}},"6":{"start":{"line":16,"column":8},"end":{"line":16,"column":21}},"7":{"start":{"line":9,"column":0},"end":{"line":14,"column":null}}},"fnMap":{},"branchMap":{},"s":{"0":3,"1":3,"2":3,"3":3,"4":3,"5":3,"6":3,"7":3},"f":{},"b":{}}
,"/home/leonardo/t8/recuperacao/projeto-drivenpass/src/routes/user-router.ts": {"path":"/home/leonardo/t8/recuperacao/projeto-drivenpass/src/routes/user-router.ts","statementMap":{"0":{"start":{"line":1,"column":0},"end":{"line":1,"column":33}},"1":{"start":{"line":2,"column":0},"end":{"line":2,"column":57}},"2":{"start":{"line":3,"column":0},"end":{"line":3,"column":45}},"3":{"start":{"line":4,"column":0},"end":{"line":4,"column":57}},"4":{"start":{"line":6,"column":19},"end":{"line":6,"column":27}},"5":{"start":{"line":11,"column":8},"end":{"line":11,"column":18}},"6":{"start":{"line":8,"column":0},"end":{"line":9,"column":56}}},"fnMap":{},"branchMap":{},"s":{"0":3,"1":3,"2":3,"3":3,"4":3,"5":3,"6":3},"f":{},"b":{}}
,"/home/leonardo/t8/recuperacao/projeto-drivenpass/src/schemas/credential-schema.ts": {"path":"/home/leonardo/t8/recuperacao/projeto-drivenpass/src/schemas/credential-schema.ts","statementMap":{"0":{"start":{"line":1,"column":0},"end":{"line":1,"column":22}},"1":{"start":{"line":4,"column":13},"end":{"line":9,"column":null}}},"fnMap":{},"branchMap":{},"s":{"0":3,"1":3},"f":{},"b":{}}
,"/home/leonardo/t8/recuperacao/projeto-drivenpass/src/schemas/index.ts": {"path":"/home/leonardo/t8/recuperacao/projeto-drivenpass/src/schemas/index.ts","statementMap":{"0":{"start":{"line":1,"column":0},"end":{"line":1,"column":30}},"1":{"start":{"line":2,"column":0},"end":{"line":2,"column":36}},"2":{"start":{"line":3,"column":0},"end":{"line":3,"column":33}}},"fnMap":{},"branchMap":{},"s":{"0":3,"1":3,"2":3},"f":{},"b":{}}
,"/home/leonardo/t8/recuperacao/projeto-drivenpass/src/schemas/network-schema.ts": {"path":"/home/leonardo/t8/recuperacao/projeto-drivenpass/src/schemas/network-schema.ts","statementMap":{"0":{"start":{"line":1,"column":0},"end":{"line":1,"column":22}},"1":{"start":{"line":4,"column":13},"end":{"line":8,"column":null}}},"fnMap":{},"branchMap":{},"s":{"0":3,"1":3},"f":{},"b":{}}
,"/home/leonardo/t8/recuperacao/projeto-drivenpass/src/schemas/user-schema.ts": {"path":"/home/leonardo/t8/recuperacao/projeto-drivenpass/src/schemas/user-schema.ts","statementMap":{"0":{"start":{"line":1,"column":0},"end":{"line":1,"column":22}},"1":{"start":{"line":4,"column":13},"end":{"line":7,"column":3}},"2":{"start":{"line":9,"column":13},"end":{"line":12,"column":3}}},"fnMap":{},"branchMap":{},"s":{"0":3,"1":3,"2":3},"f":{},"b":{}}
,"/home/leonardo/t8/recuperacao/projeto-drivenpass/src/service/auth-service/error.ts": {"path":"/home/leonardo/t8/recuperacao/projeto-drivenpass/src/service/auth-service/error.ts","statementMap":{"0":{"start":{"line":4,"column":4},"end":{"line":7,"column":6}},"1":{"start":{"line":3,"column":0},"end":{"line":3,"column":16}}},"fnMap":{"0":{"name":"invalidCredentialsError","decl":{"start":{"line":3,"column":16},"end":{"line":3,"column":39}},"loc":{"start":{"line":3,"column":39},"end":{"line":8,"column":3}}}},"branchMap":{},"s":{"0":2,"1":3},"f":{"0":2},"b":{}}
,"/home/leonardo/t8/recuperacao/projeto-drivenpass/src/service/auth-service/index.ts": {"path":"/home/leonardo/t8/recuperacao/projeto-drivenpass/src/service/auth-service/index.ts","statementMap":{"0":{"start":{"line":1,"column":0},"end":{"line":1,"column":60}},"1":{"start":{"line":2,"column":0},"end":{"line":2,"column":50}},"2":{"start":{"line":4,"column":0},"end":{"line":4,"column":28}},"3":{"start":{"line":5,"column":0},"end":{"line":5,"column":31}},"4":{"start":{"line":8,"column":30},"end":{"line":8,"column":36}},"5":{"start":{"line":10,"column":17},"end":{"line":10,"column":54}},"6":{"start":{"line":11,"column":4},"end":{"line":13,"column":6}},"7":{"start":{"line":12,"column":8},"end":{"line":12,"column":40}},"8":{"start":{"line":15,"column":28},"end":{"line":15,"column":73}},"9":{"start":{"line":16,"column":4},"end":{"line":18,"column":6}},"10":{"start":{"line":17,"column":8},"end":{"line":17,"column":40}},"11":{"start":{"line":20,"column":18},"end":{"line":20,"column":44}},"12":{"start":{"line":22,"column":4},"end":{"line":26,"column":6}},"13":{"start":{"line":30,"column":18},"end":{"line":30,"column":62}},"14":{"start":{"line":32,"column":4},"end":{"line":32,"column":17}},"15":{"start":{"line":37,"column":20},"end":{"line":39,"column":2}},"16":{"start":{"line":41,"column":0},"end":{"line":41,"column":null}}},"fnMap":{"0":{"name":"signIn","decl":{"start":{"line":7,"column":15},"end":{"line":7,"column":21}},"loc":{"start":{"line":7,"column":41},"end":{"line":27,"column":1}}},"1":{"name":"createToken","decl":{"start":{"line":29,"column":15},"end":{"line":29,"column":26}},"loc":{"start":{"line":29,"column":41},"end":{"line":33,"column":3}}}},"branchMap":{"0":{"loc":{"start":{"line":11,"column":4},"end":{"line":13,"column":6}},"type":"if","locations":[{"start":{"line":11,"column":4},"end":{"line":13,"column":6}}]},"1":{"loc":{"start":{"line":16,"column":4},"end":{"line":18,"column":6}},"type":"if","locations":[{"start":{"line":16,"column":4},"end":{"line":18,"column":6}}]}},"s":{"0":3,"1":3,"2":3,"3":3,"4":4,"5":4,"6":4,"7":1,"8":3,"9":3,"10":1,"11":2,"12":2,"13":2,"14":2,"15":3,"16":3},"f":{"0":4,"1":2},"b":{"0":[1],"1":[1]}}
,"/home/leonardo/t8/recuperacao/projeto-drivenpass/src/service/credential-service/index.ts": {"path":"/home/leonardo/t8/recuperacao/projeto-drivenpass/src/service/credential-service/index.ts","statementMap":{"0":{"start":{"line":1,"column":0},"end":{"line":1,"column":72}},"1":{"start":{"line":3,"column":0},"end":{"line":3,"column":70}},"2":{"start":{"line":4,"column":0},"end":{"line":4,"column":57}},"3":{"start":{"line":5,"column":0},"end":{"line":5,"column":82}},"4":{"start":{"line":10,"column":30},"end":{"line":13,"column":6}},"5":{"start":{"line":14,"column":4},"end":{"line":16,"column":null}},"6":{"start":{"line":15,"column":8},"end":{"line":15,"column":37}},"7":{"start":{"line":18,"column":19},"end":{"line":18,"column":36}},"8":{"start":{"line":19,"column":19},"end":{"line":19,"column":53}},"9":{"start":{"line":21,"column":30},"end":{"line":21,"column":61}},"10":{"start":{"line":24,"column":26},"end":{"line":29,"column":14}},"11":{"start":{"line":31,"column":4},"end":{"line":31,"column":null}},"12":{"start":{"line":35,"column":24},"end":{"line":35,"column":74}},"13":{"start":{"line":36,"column":4},"end":{"line":38,"column":null}},"14":{"start":{"line":37,"column":8},"end":{"line":37,"column":30}},"15":{"start":{"line":42,"column":19},"end":{"line":42,"column":36}},"16":{"start":{"line":43,"column":19},"end":{"line":43,"column":53}},"17":{"start":{"line":46,"column":33},"end":{"line":55,"column":6}},"18":{"start":{"line":47,"column":34},"end":{"line":47,"column":64}},"19":{"start":{"line":48,"column":8},"end":{"line":54,"column":null}},"20":{"start":{"line":57,"column":4},"end":{"line":57,"column":32}},"21":{"start":{"line":62,"column":23},"end":{"line":62,"column":88}},"22":{"start":{"line":63,"column":4},"end":{"line":65,"column":6}},"23":{"start":{"line":64,"column":8},"end":{"line":64,"column":30}},"24":{"start":{"line":67,"column":4},"end":{"line":69,"column":6}},"25":{"start":{"line":68,"column":8},"end":{"line":68,"column":44}},"26":{"start":{"line":71,"column":19},"end":{"line":71,"column":36}},"27":{"start":{"line":72,"column":19},"end":{"line":72,"column":53}},"28":{"start":{"line":73,"column":30},"end":{"line":73,"column":65}},"29":{"start":{"line":75,"column":32},"end":{"line":81,"column":6}},"30":{"start":{"line":83,"column":4},"end":{"line":83,"column":null}},"31":{"start":{"line":88,"column":23},"end":{"line":88,"column":88}},"32":{"start":{"line":89,"column":4},"end":{"line":91,"column":6}},"33":{"start":{"line":90,"column":8},"end":{"line":90,"column":30}},"34":{"start":{"line":93,"column":4},"end":{"line":95,"column":6}},"35":{"start":{"line":94,"column":8},"end":{"line":94,"column":44}},"36":{"start":{"line":97,"column":30},"end":{"line":97,"column":94}},"37":{"start":{"line":98,"column":4},"end":{"line":98,"column":29}},"38":{"start":{"line":106,"column":26},"end":{"line":111,"column":null}},"39":{"start":{"line":113,"column":0},"end":{"line":113,"column":null}}},"fnMap":{"0":{"name":"createCredential","decl":{"start":{"line":8,"column":15},"end":{"line":8,"column":31}},"loc":{"start":{"line":8,"column":71},"end":{"line":32,"column":1}}},"1":{"name":"getCredentials","decl":{"start":{"line":34,"column":15},"end":{"line":34,"column":29}},"loc":{"start":{"line":34,"column":43},"end":{"line":59,"column":1}}},"2":{"name":"(anonymous_3)","decl":{"start":{"line":46,"column":49},"end":{"line":46,"column":50}},"loc":{"start":{"line":46,"column":58},"end":{"line":55,"column":5}}},"3":{"name":"getACredential","decl":{"start":{"line":61,"column":15},"end":{"line":61,"column":29}},"loc":{"start":{"line":61,"column":56},"end":{"line":85,"column":1}}},"4":{"name":"deleteAcredential","decl":{"start":{"line":87,"column":15},"end":{"line":87,"column":32}},"loc":{"start":{"line":87,"column":59},"end":{"line":99,"column":1}}}},"branchMap":{"0":{"loc":{"start":{"line":14,"column":4},"end":{"line":16,"column":null}},"type":"if","locations":[{"start":{"line":14,"column":4},"end":{"line":16,"column":null}}]},"1":{"loc":{"start":{"line":36,"column":4},"end":{"line":38,"column":null}},"type":"if","locations":[{"start":{"line":36,"column":4},"end":{"line":38,"column":null}}]},"2":{"loc":{"start":{"line":63,"column":4},"end":{"line":65,"column":6}},"type":"if","locations":[{"start":{"line":63,"column":4},"end":{"line":65,"column":6}}]},"3":{"loc":{"start":{"line":67,"column":4},"end":{"line":69,"column":6}},"type":"if","locations":[{"start":{"line":67,"column":4},"end":{"line":69,"column":6}}]},"4":{"loc":{"start":{"line":89,"column":4},"end":{"line":91,"column":6}},"type":"if","locations":[{"start":{"line":89,"column":4},"end":{"line":91,"column":6}}]},"5":{"loc":{"start":{"line":93,"column":4},"end":{"line":95,"column":6}},"type":"if","locations":[{"start":{"line":93,"column":4},"end":{"line":95,"column":6}}]}},"s":{"0":3,"1":3,"2":3,"3":3,"4":2,"5":2,"6":1,"7":1,"8":1,"9":1,"10":1,"11":1,"12":3,"13":3,"14":1,"15":2,"16":2,"17":2,"18":2,"19":2,"20":2,"21":4,"22":4,"23":1,"24":3,"25":1,"26":2,"27":2,"28":2,"29":2,"30":2,"31":3,"32":3,"33":1,"34":2,"35":1,"36":1,"37":1,"38":3,"39":3},"f":{"0":2,"1":3,"2":2,"3":4,"4":3},"b":{"0":[1],"1":[1],"2":[1],"3":[1],"4":[1],"5":[1]}}
,"/home/leonardo/t8/recuperacao/projeto-drivenpass/src/service/network-service/index.ts": {"path":"/home/leonardo/t8/recuperacao/projeto-drivenpass/src/service/network-service/index.ts","statementMap":{"0":{"start":{"line":1,"column":0},"end":{"line":1,"column":66}},"1":{"start":{"line":3,"column":0},"end":{"line":3,"column":57}},"2":{"start":{"line":4,"column":0},"end":{"line":4,"column":76}},"3":{"start":{"line":8,"column":19},"end":{"line":8,"column":36}},"4":{"start":{"line":9,"column":19},"end":{"line":9,"column":53}},"5":{"start":{"line":11,"column":30},"end":{"line":11,"column":61}},"6":{"start":{"line":12,"column":23},"end":{"line":16,"column":13}},"7":{"start":{"line":18,"column":4},"end":{"line":18,"column":null}},"8":{"start":{"line":22,"column":21},"end":{"line":22,"column":68}},"9":{"start":{"line":23,"column":4},"end":{"line":25,"column":6}},"10":{"start":{"line":24,"column":8},"end":{"line":24,"column":30}},"11":{"start":{"line":27,"column":19},"end":{"line":27,"column":36}},"12":{"start":{"line":28,"column":19},"end":{"line":28,"column":53}},"13":{"start":{"line":30,"column":30},"end":{"line":38,"column":6}},"14":{"start":{"line":31,"column":34},"end":{"line":31,"column":64}},"15":{"start":{"line":32,"column":8},"end":{"line":37,"column":null}},"16":{"start":{"line":40,"column":4},"end":{"line":40,"column":null}},"17":{"start":{"line":45,"column":20},"end":{"line":45,"column":76}},"18":{"start":{"line":46,"column":4},"end":{"line":48,"column":6}},"19":{"start":{"line":47,"column":8},"end":{"line":47,"column":30}},"20":{"start":{"line":49,"column":4},"end":{"line":51,"column":6}},"21":{"start":{"line":50,"column":8},"end":{"line":50,"column":41}},"22":{"start":{"line":53,"column":19},"end":{"line":53,"column":36}},"23":{"start":{"line":54,"column":19},"end":{"line":54,"column":53}},"24":{"start":{"line":55,"column":30},"end":{"line":55,"column":62}},"25":{"start":{"line":57,"column":29},"end":{"line":62,"column":6}},"26":{"start":{"line":64,"column":4},"end":{"line":64,"column":28}},"27":{"start":{"line":69,"column":20},"end":{"line":69,"column":76}},"28":{"start":{"line":70,"column":4},"end":{"line":72,"column":6}},"29":{"start":{"line":71,"column":8},"end":{"line":71,"column":30}},"30":{"start":{"line":73,"column":4},"end":{"line":75,"column":6}},"31":{"start":{"line":74,"column":8},"end":{"line":74,"column":41}},"32":{"start":{"line":77,"column":27},"end":{"line":77,"column":85}},"33":{"start":{"line":78,"column":4},"end":{"line":78,"column":null}},"34":{"start":{"line":86,"column":23},"end":{"line":91,"column":2}},"35":{"start":{"line":93,"column":0},"end":{"line":93,"column":null}}},"fnMap":{"0":{"name":"createNetwork","decl":{"start":{"line":6,"column":15},"end":{"line":6,"column":28}},"loc":{"start":{"line":6,"column":71},"end":{"line":19,"column":1}}},"1":{"name":"findNetworks","decl":{"start":{"line":21,"column":15},"end":{"line":21,"column":27}},"loc":{"start":{"line":21,"column":41},"end":{"line":41,"column":1}}},"2":{"name":"(anonymous_3)","decl":{"start":{"line":30,"column":43},"end":{"line":30,"column":44}},"loc":{"start":{"line":30,"column":52},"end":{"line":38,"column":5}}},"3":{"name":"findANetwork","decl":{"start":{"line":43,"column":15},"end":{"line":43,"column":27}},"loc":{"start":{"line":43,"column":50},"end":{"line":66,"column":1}}},"4":{"name":"deleteANetwork","decl":{"start":{"line":68,"column":15},"end":{"line":68,"column":29}},"loc":{"start":{"line":68,"column":51},"end":{"line":79,"column":1}}}},"branchMap":{"0":{"loc":{"start":{"line":23,"column":4},"end":{"line":25,"column":6}},"type":"if","locations":[{"start":{"line":23,"column":4},"end":{"line":25,"column":6}}]},"1":{"loc":{"start":{"line":46,"column":4},"end":{"line":48,"column":6}},"type":"if","locations":[{"start":{"line":46,"column":4},"end":{"line":48,"column":6}}]},"2":{"loc":{"start":{"line":49,"column":4},"end":{"line":51,"column":6}},"type":"if","locations":[{"start":{"line":49,"column":4},"end":{"line":51,"column":6}}]},"3":{"loc":{"start":{"line":70,"column":4},"end":{"line":72,"column":6}},"type":"if","locations":[{"start":{"line":70,"column":4},"end":{"line":72,"column":6}}]},"4":{"loc":{"start":{"line":73,"column":4},"end":{"line":75,"column":6}},"type":"if","locations":[{"start":{"line":73,"column":4},"end":{"line":75,"column":6}}]}},"s":{"0":3,"1":3,"2":3,"3":1,"4":1,"5":1,"6":1,"7":1,"8":3,"9":3,"10":1,"11":2,"12":2,"13":2,"14":2,"15":2,"16":2,"17":4,"18":4,"19":1,"20":3,"21":1,"22":2,"23":2,"24":2,"25":2,"26":2,"27":3,"28":3,"29":1,"30":2,"31":1,"32":1,"33":1,"34":3,"35":3},"f":{"0":1,"1":3,"2":2,"3":4,"4":3},"b":{"0":[1],"1":[1],"2":[1],"3":[1],"4":[1]}}
,"/home/leonardo/t8/recuperacao/projeto-drivenpass/src/service/user-service/index.ts": {"path":"/home/leonardo/t8/recuperacao/projeto-drivenpass/src/service/user-service/index.ts","statementMap":{"0":{"start":{"line":1,"column":13},"end":{"line":1,"column":30}},"1":{"start":{"line":2,"column":0},"end":{"line":2,"column":60}},"2":{"start":{"line":4,"column":0},"end":{"line":4,"column":68}},"3":{"start":{"line":10,"column":24},"end":{"line":10,"column":70}},"4":{"start":{"line":11,"column":4},"end":{"line":13,"column":null}},"5":{"start":{"line":12,"column":8},"end":{"line":12,"column":37}},"6":{"start":{"line":15,"column":27},"end":{"line":15,"column":67}},"7":{"start":{"line":17,"column":4},"end":{"line":20,"column":null}},"8":{"start":{"line":23,"column":20},"end":{"line":25,"column":2}},"9":{"start":{"line":27,"column":0},"end":{"line":27,"column":27}}},"fnMap":{"0":{"name":"createAUser","decl":{"start":{"line":8,"column":15},"end":{"line":8,"column":26}},"loc":{"start":{"line":8,"column":52},"end":{"line":21,"column":1}}}},"branchMap":{"0":{"loc":{"start":{"line":11,"column":4},"end":{"line":13,"column":null}},"type":"if","locations":[{"start":{"line":11,"column":4},"end":{"line":13,"column":null}}]}},"s":{"0":3,"1":3,"2":3,"3":3,"4":3,"5":1,"6":2,"7":2,"8":3,"9":3},"f":{"0":3},"b":{"0":[1]}}
,"/home/leonardo/t8/recuperacao/projeto-drivenpass/tests/helpers.ts": {"path":"/home/leonardo/t8/recuperacao/projeto-drivenpass/tests/helpers.ts","statementMap":{"0":{"start":{"line":1,"column":0},"end":{"line":1,"column":39}},"1":{"start":{"line":2,"column":0},"end":{"line":2,"column":36}},"2":{"start":{"line":4,"column":0},"end":{"line":4,"column":34}},"3":{"start":{"line":7,"column":25},"end":{"line":7,"column":53}},"4":{"start":{"line":8,"column":18},"end":{"line":8,"column":79}},"5":{"start":{"line":10,"column":4},"end":{"line":10,"column":17}},"6":{"start":{"line":6,"column":0},"end":{"line":6,"column":7}},"7":{"start":{"line":14,"column":4},"end":{"line":14,"column":null}},"8":{"start":{"line":15,"column":4},"end":{"line":15,"column":null}},"9":{"start":{"line":16,"column":4},"end":{"line":16,"column":null}},"10":{"start":{"line":13,"column":0},"end":{"line":13,"column":7}}},"fnMap":{"0":{"name":"generateValidToken","decl":{"start":{"line":6,"column":22},"end":{"line":6,"column":40}},"loc":{"start":{"line":6,"column":52},"end":{"line":11,"column":3}}},"1":{"name":"cleanDB","decl":{"start":{"line":13,"column":22},"end":{"line":13,"column":29}},"loc":{"start":{"line":13,"column":29},"end":{"line":17,"column":1}}}},"branchMap":{"0":{"loc":{"start":{"line":7,"column":25},"end":{"line":7,"column":53}},"type":"binary-expr","locations":[{"start":{"line":7,"column":25},"end":{"line":7,"column":29}},{"start":{"line":7,"column":34},"end":{"line":7,"column":52}}]}},"s":{"0":3,"1":3,"2":3,"3":31,"4":31,"5":31,"6":3,"7":62,"8":62,"9":62,"10":3},"f":{"0":31,"1":62},"b":{"0":[31,0]}}
,"/home/leonardo/t8/recuperacao/projeto-drivenpass/tests/factory/credential-factory.ts": {"path":"/home/leonardo/t8/recuperacao/projeto-drivenpass/tests/factory/credential-factory.ts","statementMap":{"0":{"start":{"line":1,"column":0},"end":{"line":1,"column":34}},"1":{"start":{"line":2,"column":0},"end":{"line":2,"column":38}},"2":{"start":{"line":8,"column":19},"end":{"line":8,"column":36}},"3":{"start":{"line":9,"column":19},"end":{"line":9,"column":53}},"4":{"start":{"line":10,"column":30},"end":{"line":10,"column":54}},"5":{"start":{"line":13,"column":23},"end":{"line":21,"column":6}},"6":{"start":{"line":23,"column":4},"end":{"line":23,"column":22}},"7":{"start":{"line":6,"column":0},"end":{"line":6,"column":7}}},"fnMap":{"0":{"name":"createCredentialWithUserIdAndPassword","decl":{"start":{"line":6,"column":22},"end":{"line":6,"column":59}},"loc":{"start":{"line":6,"column":91},"end":{"line":24,"column":1}}}},"branchMap":{},"s":{"0":3,"1":3,"2":8,"3":8,"4":8,"5":8,"6":8,"7":3},"f":{"0":8},"b":{}}
,"/home/leonardo/t8/recuperacao/projeto-drivenpass/tests/factory/index.ts": {"path":"/home/leonardo/t8/recuperacao/projeto-drivenpass/tests/factory/index.ts","statementMap":{"0":{"start":{"line":1,"column":0},"end":{"line":1,"column":31}},"1":{"start":{"line":2,"column":0},"end":{"line":2,"column":37}},"2":{"start":{"line":3,"column":0},"end":{"line":3,"column":33}}},"fnMap":{},"branchMap":{},"s":{"0":3,"1":3,"2":3},"f":{},"b":{}}
,"/home/leonardo/t8/recuperacao/projeto-drivenpass/tests/factory/network-factory.ts": {"path":"/home/leonardo/t8/recuperacao/projeto-drivenpass/tests/factory/network-factory.ts","statementMap":{"0":{"start":{"line":1,"column":0},"end":{"line":1,"column":34}},"1":{"start":{"line":2,"column":0},"end":{"line":2,"column":38}},"2":{"start":{"line":7,"column":19},"end":{"line":7,"column":36}},"3":{"start":{"line":8,"column":19},"end":{"line":8,"column":53}},"4":{"start":{"line":9,"column":30},"end":{"line":9,"column":54}},"5":{"start":{"line":12,"column":20},"end":{"line":19,"column":6}},"6":{"start":{"line":21,"column":4},"end":{"line":21,"column":19}},"7":{"start":{"line":5,"column":0},"end":{"line":5,"column":7}}},"fnMap":{"0":{"name":"createNetworkWithUserIdAndPassword","decl":{"start":{"line":5,"column":22},"end":{"line":5,"column":56}},"loc":{"start":{"line":5,"column":88},"end":{"line":22,"column":1}}}},"branchMap":{},"s":{"0":3,"1":3,"2":7,"3":7,"4":7,"5":7,"6":7,"7":3},"f":{"0":7},"b":{}}
,"/home/leonardo/t8/recuperacao/projeto-drivenpass/tests/factory/user-factory.ts": {"path":"/home/leonardo/t8/recuperacao/projeto-drivenpass/tests/factory/user-factory.ts","statementMap":{"0":{"start":{"line":1,"column":0},"end":{"line":1,"column":34}},"1":{"start":{"line":2,"column":0},"end":{"line":2,"column":38}},"2":{"start":{"line":3,"column":0},"end":{"line":3,"column":28}},"3":{"start":{"line":8,"column":29},"end":{"line":8,"column":75}},"4":{"start":{"line":9,"column":27},"end":{"line":9,"column":66}},"5":{"start":{"line":11,"column":17},"end":{"line":16,"column":6}},"6":{"start":{"line":18,"column":4},"end":{"line":18,"column":null}},"7":{"start":{"line":6,"column":0},"end":{"line":6,"column":7}}},"fnMap":{"0":{"name":"createUser","decl":{"start":{"line":6,"column":22},"end":{"line":6,"column":32}},"loc":{"start":{"line":6,"column":59},"end":{"line":19,"column":1}}}},"branchMap":{"0":{"loc":{"start":{"line":6,"column":33},"end":{"line":6,"column":59}},"type":"default-arg","locations":[{"start":{"line":6,"column":57},"end":{"line":6,"column":59}}]},"1":{"loc":{"start":{"line":8,"column":29},"end":{"line":8,"column":75}},"type":"binary-expr","locations":[{"start":{"line":8,"column":29},"end":{"line":8,"column":44}},{"start":{"line":8,"column":48},"end":{"line":8,"column":75}}]},"2":{"loc":{"start":{"line":13,"column":18},"end":{"line":13,"column":56}},"type":"binary-expr","locations":[{"start":{"line":13,"column":18},"end":{"line":13,"column":30}},{"start":{"line":13,"column":34},"end":{"line":13,"column":56}}]}},"s":{"0":3,"1":3,"2":3,"3":39,"4":39,"5":39,"6":39,"7":3},"f":{"0":39},"b":{"0":[37],"1":[39,37],"2":[39,37]}}
}
