TN:
SF:src/app.ts
FN:13,(anonymous_1)
FN:20,init
FN:25,close
FNF:3
FNH:2
FNDA:0,(anonymous_1)
FNDA:3,init
FNDA:2,close
DA:1,3
DA:2,3
DA:3,3
DA:5,3
DA:6,3
DA:8,3
DA:10,3
DA:13,0
DA:20,3
DA:21,3
DA:22,3
DA:25,3
DA:26,2
DA:29,3
LF:14
LH:13
BRF:0
BRH:0
end_of_record
TN:
SF:src/config/database.ts
FN:5,connectDb
FN:9,disconnectDB
FNF:2
FNH:2
FNDA:3,connectDb
FNDA:2,disconnectDB
DA:1,3
DA:5,3
DA:6,3
DA:9,3
DA:10,2
LF:5
LH:5
BRF:0
BRH:0
end_of_record
TN:
SF:src/config/envs.ts
FN:15,loadEnv
FNF:1
FNH:1
FNDA:6,loadEnv
DA:12,3
DA:13,3
DA:15,3
DA:17,6
DA:23,6
DA:24,6
DA:25,6
LF:7
LH:7
BRDA:17,0,0,6
BRDA:17,0,1,0
BRDA:19,1,0,0
BRDA:19,1,1,0
BRF:4
BRH:1
end_of_record
TN:
SF:src/config/index.ts
FNF:0
FNH:0
DA:1,3
DA:2,3
LF:2
LH:2
BRF:0
BRH:0
end_of_record
TN:
SF:src/controllers/auth-controller.ts
FN:4,singInPost
FNF:1
FNH:1
FNDA:4,singInPost
DA:1,3
DA:3,3
DA:4,3
DA:5,4
DA:7,4
DA:8,4
DA:10,2
DA:12,2
LF:8
LH:8
BRF:0
BRH:0
end_of_record
TN:
SF:src/controllers/credential-controller.ts
FN:7,postCredential
FN:26,getAllCredentials
FN:38,getOneCredential
FN:64,deleteOneCredential
FNF:4
FNH:4
FNDA:2,postCredential
FNDA:3,getAllCredentials
FNDA:5,getOneCredential
FNDA:4,deleteOneCredential
DA:1,3
DA:4,3
DA:7,3
DA:8,2
DA:9,2
DA:11,2
DA:12,2
DA:19,1
DA:22,1
DA:26,3
DA:27,3
DA:29,3
DA:30,3
DA:32,2
DA:34,1
DA:38,3
DA:39,5
DA:40,5
DA:42,5
DA:43,5
DA:44,1
DA:47,4
DA:48,4
DA:50,2
DA:53,2
DA:54,1
DA:57,1
DA:58,1
DA:64,3
DA:65,4
DA:66,4
DA:68,4
DA:69,4
DA:70,1
DA:73,3
DA:74,3
DA:76,1
DA:79,2
DA:80,1
DA:83,1
DA:84,1
LF:41
LH:41
BRDA:43,0,0,1
BRDA:53,1,0,1
BRDA:57,2,0,1
BRDA:69,3,0,1
BRDA:79,4,0,1
BRDA:83,5,0,1
BRF:6
BRH:6
end_of_record
TN:
SF:src/controllers/index.ts
FNF:0
FNH:0
DA:1,3
DA:2,3
DA:3,3
LF:3
LH:3
BRF:0
BRH:0
end_of_record
TN:
SF:src/controllers/network-controller.ts
FN:6,postNetwork
FN:25,getAllNetworks
FN:37,getOneNetwork
FN:66,deleteOneNetwork
FNF:4
FNH:4
FNDA:1,postNetwork
FNDA:3,getAllNetworks
FNDA:5,getOneNetwork
FNDA:4,deleteOneNetwork
DA:1,3
DA:4,3
DA:6,3
DA:8,1
DA:9,1
DA:11,1
DA:12,1
DA:18,1
DA:20,0
DA:25,3
DA:27,3
DA:29,3
DA:30,3
DA:31,2
DA:33,1
DA:37,3
DA:38,5
DA:39,5
DA:41,5
DA:42,5
DA:43,1
DA:46,4
DA:47,4
DA:49,2
DA:52,2
DA:53,1
DA:56,1
DA:57,1
DA:60,0
DA:66,3
DA:68,4
DA:69,4
DA:71,4
DA:72,4
DA:73,1
DA:76,3
DA:77,3
DA:79,1
DA:82,2
DA:83,1
DA:86,1
DA:87,1
DA:90,0
LF:43
LH:40
BRDA:42,0,0,1
BRDA:52,1,0,1
BRDA:56,2,0,1
BRDA:72,3,0,1
BRDA:82,4,0,1
BRDA:86,5,0,1
BRF:6
BRH:6
end_of_record
TN:
SF:src/controllers/user-controller.ts
FN:5,postUser
FNF:1
FNH:1
FNDA:3,postUser
DA:1,3
DA:3,3
DA:5,3
DA:7,3
DA:9,3
DA:10,3
DA:12,2
DA:17,1
LF:8
LH:8
BRF:0
BRH:0
end_of_record
TN:
SF:src/errors/duplicate-title-error.ts
FN:3,duplicatedTitleError
FNF:1
FNH:1
FNDA:1,duplicatedTitleError
DA:3,3
DA:4,1
LF:2
LH:2
BRF:0
BRH:0
end_of_record
TN:
SF:src/errors/forbbiden-credential-error.ts
FN:3,unauthorizedCredentialError
FNF:1
FNH:1
FNDA:2,unauthorizedCredentialError
DA:3,3
DA:4,2
LF:2
LH:2
BRF:0
BRH:0
end_of_record
TN:
SF:src/errors/forbbiden-network-error.ts
FN:3,unauthorizedNetworkError
FNF:1
FNH:1
FNDA:2,unauthorizedNetworkError
DA:3,3
DA:4,2
LF:2
LH:2
BRF:0
BRH:0
end_of_record
TN:
SF:src/errors/invalid-data-error.ts
FN:3,invalidDataError
FNF:1
FNH:1
FNDA:9,invalidDataError
DA:3,3
DA:4,9
LF:2
LH:2
BRF:0
BRH:0
end_of_record
TN:
SF:src/errors/invalid-email-error.ts
FN:3,duplicatedEmailError
FNF:1
FNH:1
FNDA:1,duplicatedEmailError
DA:3,3
DA:4,1
LF:2
LH:2
BRF:0
BRH:0
end_of_record
TN:
SF:src/errors/not-Found-error.ts
FN:3,notFoundError
FNF:1
FNH:1
FNDA:6,notFoundError
DA:3,3
DA:4,6
LF:2
LH:2
BRF:0
BRH:0
end_of_record
TN:
SF:src/errors/unauthorized-error.ts
FN:3,unauthorizedError
FNF:1
FNH:1
FNDA:16,unauthorizedError
DA:3,3
DA:4,16
LF:2
LH:2
BRF:0
BRH:0
end_of_record
TN:
SF:src/middlewares/authethication-middleware.ts
FN:6,authenticateToken
FN:24,unauthorizedResponse
FNF:2
FNH:2
FNDA:47,authenticateToken
FNDA:16,unauthorizedResponse
DA:2,3
DA:3,3
DA:4,3
DA:6,3
DA:7,47
DA:8,47
DA:10,39
DA:11,39
DA:13,39
DA:14,39
DA:16,31
DA:17,31
DA:19,8
DA:25,16
LF:14
LH:14
BRDA:8,0,0,8
BRDA:11,1,0,0
BRF:2
BRH:1
end_of_record
TN:
SF:src/middlewares/index.ts
FNF:0
FNH:0
DA:1,3
DA:2,3
LF:2
LH:2
BRF:0
BRH:0
end_of_record
TN:
SF:src/middlewares/validation-middleware.ts
FN:6,validateBody
FN:10,validateParams
FN:14,validate
FN:15,(anonymous_4)
FN:23,(anonymous_5)
FNF:5
FNH:4
FNDA:12,validateBody
FNDA:0,validateParams
FNDA:12,validate
FNDA:19,(anonymous_4)
FNDA:18,(anonymous_5)
DA:1,3
DA:3,3
DA:6,3
DA:7,12
DA:10,3
DA:11,0
DA:15,12
DA:16,19
DA:20,19
DA:21,10
DA:23,18
LF:11
LH:10
BRDA:20,0,0,10
BRDA:20,0,1,9
BRF:2
BRH:2
end_of_record
TN:
SF:src/repositories/credential-repository/index.ts
FN:4,createACredential
FN:14,findCredentialWithUserIdAndName
FN:25,findCredentials
FN:34,findOneCredential
FN:43,deleteCredential
FNF:5
FNH:5
FNDA:1,createACredential
FNDA:2,findCredentialWithUserIdAndName
FNDA:3,findCredentials
FNDA:7,findOneCredential
FNDA:1,deleteCredential
DA:1,3
DA:5,1
DA:11,1
DA:16,2
DA:22,2
DA:26,3
DA:31,3
DA:35,7
DA:40,7
DA:44,1
DA:49,1
DA:60,3
DA:68,3
LF:13
LH:13
BRF:0
BRH:0
end_of_record
TN:
SF:src/repositories/network-repository/index.ts
FN:4,createANetwork
FN:13,findAllNetworks
FN:22,findOneNetwork
FN:31,deleteOneNetwork
FNF:4
FNH:4
FNDA:1,createANetwork
FNDA:3,findAllNetworks
FNDA:7,findOneNetwork
FNDA:1,deleteOneNetwork
DA:1,3
DA:5,1
DA:14,3
DA:19,3
DA:23,7
DA:28,7
DA:32,1
DA:38,1
DA:43,3
DA:50,3
LF:10
LH:10
BRF:0
BRH:0
end_of_record
TN:
SF:src/repositories/user-repository/index.ts
FN:4,createUser
FN:14,findEmail
FNF:2
FNH:2
FNDA:2,createUser
FNDA:7,findEmail
DA:1,3
DA:6,2
DA:15,7
DA:22,3
DA:27,3
LF:5
LH:5
BRF:0
BRH:0
end_of_record
TN:
SF:src/routes/auth-router.ts
FNF:0
FNH:0
DA:1,3
DA:2,3
DA:3,3
DA:4,3
DA:6,3
DA:8,3
DA:10,3
LF:7
LH:7
BRF:0
BRH:0
end_of_record
TN:
SF:src/routes/credential-router.ts
FNF:0
FNH:0
DA:1,3
DA:2,3
DA:3,3
DA:4,3
DA:5,3
DA:7,3
DA:9,3
DA:17,3
LF:8
LH:8
BRF:0
BRH:0
end_of_record
TN:
SF:src/routes/index.ts
FNF:0
FNH:0
DA:1,3
DA:2,3
DA:3,3
DA:4,3
LF:4
LH:4
BRF:0
BRH:0
end_of_record
TN:
SF:src/routes/network-router.ts
FNF:0
FNH:0
DA:1,3
DA:2,3
DA:3,3
DA:4,3
DA:5,3
DA:7,3
DA:9,3
DA:16,3
LF:8
LH:8
BRF:0
BRH:0
end_of_record
TN:
SF:src/routes/user-router.ts
FNF:0
FNH:0
DA:1,3
DA:2,3
DA:3,3
DA:4,3
DA:6,3
DA:8,3
DA:11,3
LF:7
LH:7
BRF:0
BRH:0
end_of_record
TN:
SF:src/schemas/credential-schema.ts
FNF:0
FNH:0
DA:1,3
DA:4,3
LF:2
LH:2
BRF:0
BRH:0
end_of_record
TN:
SF:src/schemas/index.ts
FNF:0
FNH:0
DA:1,3
DA:2,3
DA:3,3
LF:3
LH:3
BRF:0
BRH:0
end_of_record
TN:
SF:src/schemas/network-schema.ts
FNF:0
FNH:0
DA:1,3
DA:4,3
LF:2
LH:2
BRF:0
BRH:0
end_of_record
TN:
SF:src/schemas/user-schema.ts
FNF:0
FNH:0
DA:1,3
DA:4,3
DA:9,3
LF:3
LH:3
BRF:0
BRH:0
end_of_record
TN:
SF:src/service/auth-service/error.ts
FN:3,invalidCredentialsError
FNF:1
FNH:1
FNDA:2,invalidCredentialsError
DA:3,3
DA:4,2
LF:2
LH:2
BRF:0
BRH:0
end_of_record
TN:
SF:src/service/auth-service/index.ts
FN:7,signIn
FN:29,createToken
FNF:2
FNH:2
FNDA:4,signIn
FNDA:2,createToken
DA:1,3
DA:2,3
DA:4,3
DA:5,3
DA:8,4
DA:10,4
DA:11,4
DA:12,1
DA:15,3
DA:16,3
DA:17,1
DA:20,2
DA:22,2
DA:30,2
DA:32,2
DA:37,3
DA:41,3
LF:17
LH:17
BRDA:11,0,0,1
BRDA:16,1,0,1
BRF:2
BRH:2
end_of_record
TN:
SF:src/service/credential-service/index.ts
FN:8,createCredential
FN:34,getCredentials
FN:46,(anonymous_3)
FN:61,getACredential
FN:87,deleteAcredential
FNF:5
FNH:5
FNDA:2,createCredential
FNDA:3,getCredentials
FNDA:2,(anonymous_3)
FNDA:4,getACredential
FNDA:3,deleteAcredential
DA:1,3
DA:3,3
DA:4,3
DA:5,3
DA:10,2
DA:14,2
DA:15,1
DA:18,1
DA:19,1
DA:21,1
DA:24,1
DA:31,1
DA:35,3
DA:36,3
DA:37,1
DA:42,2
DA:43,2
DA:46,2
DA:47,2
DA:48,2
DA:57,2
DA:62,4
DA:63,4
DA:64,1
DA:67,3
DA:68,1
DA:71,2
DA:72,2
DA:73,2
DA:75,2
DA:83,2
DA:88,3
DA:89,3
DA:90,1
DA:93,2
DA:94,1
DA:97,1
DA:98,1
DA:106,3
DA:113,3
LF:40
LH:40
BRDA:14,0,0,1
BRDA:36,1,0,1
BRDA:63,2,0,1
BRDA:67,3,0,1
BRDA:89,4,0,1
BRDA:93,5,0,1
BRF:6
BRH:6
end_of_record
TN:
SF:src/service/network-service/index.ts
FN:6,createNetwork
FN:21,findNetworks
FN:30,(anonymous_3)
FN:43,findANetwork
FN:68,deleteANetwork
FNF:5
FNH:5
FNDA:1,createNetwork
FNDA:3,findNetworks
FNDA:2,(anonymous_3)
FNDA:4,findANetwork
FNDA:3,deleteANetwork
DA:1,3
DA:3,3
DA:4,3
DA:8,1
DA:9,1
DA:11,1
DA:12,1
DA:18,1
DA:22,3
DA:23,3
DA:24,1
DA:27,2
DA:28,2
DA:30,2
DA:31,2
DA:32,2
DA:40,2
DA:45,4
DA:46,4
DA:47,1
DA:49,3
DA:50,1
DA:53,2
DA:54,2
DA:55,2
DA:57,2
DA:64,2
DA:69,3
DA:70,3
DA:71,1
DA:73,2
DA:74,1
DA:77,1
DA:78,1
DA:86,3
DA:93,3
LF:36
LH:36
BRDA:23,0,0,1
BRDA:46,1,0,1
BRDA:49,2,0,1
BRDA:70,3,0,1
BRDA:73,4,0,1
BRF:5
BRH:5
end_of_record
TN:
SF:src/service/user-service/index.ts
FN:8,createAUser
FNF:1
FNH:1
FNDA:3,createAUser
DA:1,3
DA:2,3
DA:4,3
DA:10,3
DA:11,3
DA:12,1
DA:15,2
DA:17,2
DA:23,3
DA:27,3
LF:10
LH:10
BRDA:11,0,0,1
BRF:1
BRH:1
end_of_record
TN:
SF:tests/helpers.ts
FN:6,generateValidToken
FN:13,cleanDB
FNF:2
FNH:2
FNDA:31,generateValidToken
FNDA:62,cleanDB
DA:1,3
DA:2,3
DA:4,3
DA:6,3
DA:7,31
DA:8,31
DA:10,31
DA:13,3
DA:14,62
DA:15,62
DA:16,62
LF:11
LH:11
BRDA:7,0,0,31
BRDA:7,0,1,0
BRF:2
BRH:1
end_of_record
TN:
SF:tests/factory/credential-factory.ts
FN:6,createCredentialWithUserIdAndPassword
FNF:1
FNH:1
FNDA:8,createCredentialWithUserIdAndPassword
DA:1,3
DA:2,3
DA:6,3
DA:8,8
DA:9,8
DA:10,8
DA:13,8
DA:23,8
LF:8
LH:8
BRF:0
BRH:0
end_of_record
TN:
SF:tests/factory/index.ts
FNF:0
FNH:0
DA:1,3
DA:2,3
DA:3,3
LF:3
LH:3
BRF:0
BRH:0
end_of_record
TN:
SF:tests/factory/network-factory.ts
FN:5,createNetworkWithUserIdAndPassword
FNF:1
FNH:1
FNDA:7,createNetworkWithUserIdAndPassword
DA:1,3
DA:2,3
DA:5,3
DA:7,7
DA:8,7
DA:9,7
DA:12,7
DA:21,7
LF:8
LH:8
BRF:0
BRH:0
end_of_record
TN:
SF:tests/factory/user-factory.ts
FN:6,createUser
FNF:1
FNH:1
FNDA:39,createUser
DA:1,3
DA:2,3
DA:3,3
DA:6,3
DA:8,39
DA:9,39
DA:11,39
DA:18,39
LF:8
LH:8
BRDA:6,0,0,37
BRDA:8,1,0,39
BRDA:8,1,1,37
BRDA:13,2,0,39
BRDA:13,2,1,37
BRF:5
BRH:5
end_of_record
